<?xml version="1.0" encoding="UTF-8"?>
<!-- Generated by org.testng.reporters.JUnitXMLReporter -->
<testsuite hostname="MWEB-ASD3DUC014" ignored="0" name="Test4" tests="4" failures="0" timestamp="24 Oct 2017 07:11:17 GMT" time="1230.981" errors="0">
  <testcase name="search" time="310.705" classname="ropa_reviewers_side.Reviewers_Assign"/>
  <testcase name="admin_draft" time="300.054" classname="ropa_reviewers_side.Reviewers_Assign"/>
  <testcase name="review1_form" time="319.331" classname="ropa_reviewers_side.Reviewers_Report"/>
  <testcase name="review2_form" time="300.888" classname="ropa_reviewers_side.Reviewers_Report"/>
</testsuite> <!-- Test4 -->
