<?xml version="1.0" encoding="UTF-8"?>
<!-- Generated by org.testng.reporters.JUnitXMLReporter -->
<testsuite hostname="MWEB-ASD3DUC014" ignored="0" name="Test1" tests="6" failures="0" timestamp="24 Oct 2017 06:34:48 GMT" time="233.983" errors="0">
  <testcase name="login" time="13.956" classname="ropa_1site_Application.Application"/>
  <testcase name="application" time="138.486" classname="ropa_1site_Application.Application"/>
  <testcase name="login" time="46.716" classname="ropa_surveyorsAssign.Surveyors_assign"/>
  <testcase name="login" time="8.937" classname="ropa_CensusPart.Census_upload"/>
  <testcase name="census_upload" time="10.255" classname="ropa_CensusPart.Census_upload"/>
  <testcase name="admin" time="15.556" classname="ropa_CensusPart.Census_agree"/>
</testsuite> <!-- Test1 -->
