<?xml version="1.0" encoding="UTF-8"?>
<!-- Generated by org.testng.reporters.JUnitXMLReporter -->
<testsuite hostname="MWEB-ASD3DUC014" ignored="0" name="Test2" tests="9" failures="0" timestamp="24 Oct 2017 06:39:38 GMT" time="289.394" errors="0">
  <testcase name="login" time="9.02" classname="ropaToolKit.Ropa_ToolKit_OnsiteInterview"/>
  <testcase name="Onsite_interview_forms" time="12.225" classname="ropaToolKit.Ropa_ToolKit_OnsiteInterview"/>
  <testcase name="login" time="14.856" classname="ropaToolKit.Ropa_ToolKit_MdDataCollection"/>
  <testcase name="Onsite_interview_forms" time="176.127" classname="ropaToolKit.Ropa_ToolKit_MdDataCollection"/>
  <testcase name="login" time="10.941" classname="ropaToolKit.RopaToolKit_phyInterview"/>
  <testcase name="physicist_Interview_forms" time="13.852" classname="ropaToolKit.RopaToolKit_phyInterview"/>
  <testcase name="login" time="10.635" classname="ropaToolKit.RopaToolKit_PhyDataCollection"/>
  <testcase name="phy_data_collection" time="26.951" classname="ropaToolKit.RopaToolKit_PhyDataCollection"/>
  <testcase name="login" time="14.784" classname="ropaToolKit.RopaToolKit_CheckList"/>
</testsuite> <!-- Test2 -->
