<?xml version="1.0" encoding="UTF-8"?>
<!-- Generated by org.testng.reporters.JUnitXMLReporter -->
<testsuite hostname="MWEB-ASD2DUC014" ignored="0" name="MytestCase" tests="4" failures="0" timestamp="11 Jul 2017 13:01:10 GMT" time="113.699" errors="0">
  <testcase name="application" time="10.913" classname="ropa_1site_Application.QA_Application"/>
  <testcase name="search" time="31.856" classname="ropa_surveyorsAssign.QA_surveyors_assign"/>
  <testcase name="edit" time="30.043" classname="ropa_surveyorsAssign.QA_surveyors_assign"/>
  <testcase name="assign" time="30.046" classname="ropa_surveyorsAssign.QA_surveyors_assign"/>
</testsuite> <!-- MytestCase -->
