<?xml version="1.0" encoding="UTF-8"?>
<!-- Generated by org.testng.reporters.JUnitXMLReporter -->
<testsuite hostname="MWEB-ASD2DUC014" ignored="0" name="Test" tests="7" failures="0" timestamp="12 Jul 2017 13:04:36 GMT" time="355.795" errors="0">
  <testcase name="login" time="13.499" classname="ropa_1site_Application.QA_Application"/>
  <testcase name="application" time="248.325" classname="ropa_1site_Application.QA_Application"/>
  <testcase name="login" time="49.643" classname="ropa_surveyorsAssign.QA_surveyors_assign"/>
  <testcase name="login" time="10.213" classname="ropa_CensusPart.QA_census_1upload"/>
  <testcase name="census_upload" time="14.994" classname="ropa_CensusPart.QA_census_1upload"/>
  <testcase name="login" time="11.154" classname="ropa_CensusPart.QA_census_2agree"/>
  <testcase name="admin" time="7.913" classname="ropa_CensusPart.QA_census_2agree"/>
</testsuite> <!-- Test -->
