<?xml version="1.0" encoding="UTF-8"?>
<testng-results skipped="0" failed="0" ignored="0" total="1" passed="1">
  <reporter-output>
  </reporter-output>
  <suite name="Default suite" duration-ms="51120" started-at="2017-10-26T10:26:02Z" finished-at="2017-10-26T10:26:53Z">
    <groups>
    </groups>
    <test name="Default test" duration-ms="51120" started-at="2017-10-26T10:26:02Z" finished-at="2017-10-26T10:26:53Z">
      <class name="smoke_testing.Smoke_testing">
        <test-method status="PASS" signature="Basic_smoke()[pri:0, instance:smoke_testing.Smoke_testing@68c4039c]" name="Basic_smoke" duration-ms="51096" started-at="2017-10-26T15:56:02Z" finished-at="2017-10-26T15:56:53Z">
          <reporter-output>
          </reporter-output>
        </test-method> <!-- Basic_smoke -->
      </class> <!-- smoke_testing.Smoke_testing -->
    </test> <!-- Default test -->
  </suite> <!-- Default suite -->
</testng-results>
