<?xml version="1.0" encoding="UTF-8"?>
<testng-results skipped="0" failed="0" ignored="0" total="2" passed="2">
  <reporter-output>
  </reporter-output>
  <suite name="Default suite" duration-ms="25880" started-at="2017-10-25T07:35:47Z" finished-at="2017-10-25T07:36:13Z">
    <groups>
    </groups>
    <test name="Default test" duration-ms="25880" started-at="2017-10-25T07:35:47Z" finished-at="2017-10-25T07:36:13Z">
      <class name="ropa_reviewers_side.Reviewers_Report">
        <test-method status="PASS" signature="review1_form()[pri:20, instance:ropa_reviewers_side.Reviewers_Report@68c4039c]" name="review1_form" duration-ms="16885" started-at="2017-10-25T13:05:47Z" finished-at="2017-10-25T13:06:04Z">
          <reporter-output>
          </reporter-output>
        </test-method> <!-- review1_form -->
        <test-method status="PASS" signature="review2_form()[pri:21, instance:ropa_reviewers_side.Reviewers_Report@68c4039c]" name="review2_form" duration-ms="8965" started-at="2017-10-25T13:06:04Z" finished-at="2017-10-25T13:06:13Z">
          <reporter-output>
          </reporter-output>
        </test-method> <!-- review2_form -->
      </class> <!-- ropa_reviewers_side.Reviewers_Report -->
    </test> <!-- Default test -->
  </suite> <!-- Default suite -->
</testng-results>
